#
# There is insufficient memory for the Java Runtime Environment to continue.
# Native memory allocation (malloc) failed to allocate 1088336 bytes for Chunk::new
# Possible reasons:
#   The system is out of physical RAM or swap space
#   In 32 bit mode, the process size limit was hit
# Possible solutions:
#   Reduce memory load on the system
#   Increase physical memory or swap space
#   Check if swap backing store is full
#   Use 64 bit Java on a 64 bit OS
#   Decrease Java heap size (-Xmx/-Xms)
#   Decrease number of Java threads
#   Decrease Java thread stack sizes (-Xss)
#   Set larger code cache with -XX:ReservedCodeCacheSize=
# This output file may be truncated or incomplete.
#
#  Out of Memory Error (allocation.cpp:390), pid=5784, tid=0x0000000000003f80
#
# JRE version: OpenJDK Runtime Environment (8.0_152-b01) (build 1.8.0_152-release-915-b01)
# Java VM: OpenJDK 64-Bit Server VM (25.152-b01 mixed mode windows-amd64 compressed oops)
# Failed to write core dump. Minidumps are not enabled by default on client versions of Windows
#

---------------  T H R E A D  ---------------

Current thread (0x00000000166a3000):  JavaThread "C2 CompilerThread1" daemon [_thread_in_native, id=16256, stack(0x0000000017df0000,0x0000000017ef0000)]

Stack: [0x0000000017df0000,0x0000000017ef0000]
[error occurred during error reporting (printing stack bounds), id 0xc0000005]

Native frames: (J=compiled Java code, j=interpreted, Vv=VM code, C=native code)


Current CompileTask:
C2:14676726 23511       4       com.sun.org.apache.xerces.internal.dom.ElementNSImpl::getNamespaceURI (16 bytes)


---------------  P R O C E S S  ---------------

Java Threads: ( => current thread )
  0x00000000199a7000 JavaThread "pool-101-thread-1" [_thread_blocked, id=16744, stack(0x0000000037d10000,0x0000000037e10000)]
  0x000000001999c800 JavaThread "Cache update executor" [_thread_blocked, id=12608, stack(0x0000000037c10000,0x0000000037d10000)]
  0x000000001999d000 JavaThread "Asynchronous log dispatcher for DefaultDaemonConnection: socket connection from /127.0.0.1:62791 to /127.0.0.1:49750" [_thread_blocked, id=13908, stack(0x0000000037a10000,0x0000000037b10000)]
  0x00000000199a1000 JavaThread "Daemon worker Thread 12" [_thread_in_Java, id=7148, stack(0x0000000037910000,0x0000000037a10000)]
  0x000000001999b000 JavaThread "Cancel handler" [_thread_blocked, id=10936, stack(0x0000000037810000,0x0000000037910000)]
  0x0000000019998800 JavaThread "Handler for socket connection from /127.0.0.1:62791 to /127.0.0.1:49750" [_thread_in_native, id=9816, stack(0x0000000037710000,0x0000000037810000)]
  0x000000001999f800 JavaThread "Daemon Thread 12" [_thread_blocked, id=8788, stack(0x0000000037610000,0x0000000037710000)]
  0x000000001ce4c800 JavaThread "pool-4-thread-4" [_thread_blocked, id=11704, stack(0x0000000028210000,0x0000000028310000)]
  0x000000001ce52800 JavaThread "pool-4-thread-3" [_thread_blocked, id=14984, stack(0x0000000025f10000,0x0000000026010000)]
  0x000000001ce4e000 JavaThread "pool-4-thread-2" [_thread_blocked, id=16564, stack(0x0000000024810000,0x0000000024910000)]
  0x000000001d091000 JavaThread "pool-4-thread-1" [_thread_blocked, id=16452, stack(0x0000000022e10000,0x0000000022f10000)]
  0x000000001d08f800 JavaThread "File lock request listener" [_thread_in_native, id=10096, stack(0x000000001d1d0000,0x000000001d2d0000)]
  0x0000000019479000 JavaThread "pool-1-thread-1" [_thread_blocked, id=14208, stack(0x000000001aa30000,0x000000001ab30000)]
  0x0000000019378000 JavaThread "Incoming local TCP Connector on port 62791" [_thread_in_native, id=10276, stack(0x000000001a300000,0x000000001a400000)]
  0x0000000018018800 JavaThread "Service Thread" daemon [_thread_blocked, id=12924, stack(0x00000000183f0000,0x00000000184f0000)]
  0x00000000166a6000 JavaThread "C1 CompilerThread2" daemon [_thread_blocked, id=13948, stack(0x0000000017ef0000,0x0000000017ff0000)]
=>0x00000000166a3000 JavaThread "C2 CompilerThread1" daemon [_thread_in_native, id=16256, stack(0x0000000017df0000,0x0000000017ef0000)]
  0x00000000166a1000 JavaThread "C2 CompilerThread0" daemon [_thread_blocked, id=5704, stack(0x0000000017cf0000,0x0000000017df0000)]
  0x000000001669c800 JavaThread "Attach Listener" daemon [_thread_blocked, id=7828, stack(0x0000000017bf0000,0x0000000017cf0000)]
  0x000000001669b800 JavaThread "Signal Dispatcher" daemon [_thread_blocked, id=1224, stack(0x0000000017af0000,0x0000000017bf0000)]
  0x0000000002d2e800 JavaThread "Finalizer" daemon [_thread_blocked, id=17164, stack(0x0000000017900000,0x0000000017a00000)]
  0x0000000002d23000 JavaThread "Reference Handler" daemon [_thread_blocked, id=13536, stack(0x0000000017800000,0x0000000017900000)]
  0x0000000002c32800 JavaThread "main" [_thread_blocked, id=7024, stack(0x0000000002b30000,0x0000000002c30000)]

Other Threads:
  0x0000000016665800 VMThread [stack: 0x0000000017700000,0x0000000017800000] [id=15192]
  0x00000000166fc000 WatcherThread [stack: 0x00000000184f0000,0x00000000185f0000] [id=6492]

VM state:not at safepoint (normal execution)

VM Mutex/Monitor currently owned by a thread: None

Heap:
 PSYoungGen      total 310784K, used 237835K [0x00000000e0000000, 0x00000000fb300000, 0x0000000100000000)
  eden space 307200K, 76% used [0x00000000e0000000,0x00000000ee4e6cc8,0x00000000f2c00000)
  from space 3584K, 95% used [0x00000000f3800000,0x00000000f3b5c1d8,0x00000000f3b80000)
  to   space 69120K, 0% used [0x00000000f6f80000,0x00000000f6f80000,0x00000000fb300000)
 ParOldGen       total 163840K, used 104392K [0x00000000a0000000, 0x00000000aa000000, 0x00000000e0000000)
  object space 163840K, 63% used [0x00000000a0000000,0x00000000a65f2180,0x00000000aa000000)
 Metaspace       used 83281K, capacity 88514K, committed 88576K, reserved 1126400K
  class space    used 10383K, capacity 11227K, committed 11264K, reserved 1048576K

Card table byte_map: [0x00000000120f0000,0x0000000012400000] byte_map_base: 0x0000000011bf0000

Marking Bits: (ParMarkBitMap*) 0x000000006b053950
 Begin Bits: [0x0000000012a00000, 0x0000000014200000)
 End Bits:   [0x0000000014200000, 0x0000000015a00000)

Polling page: 0x0000000000ed0000

CodeCache: size=245760Kb used=66992Kb max_used=66992Kb free=178767Kb
 bounds [0x0000000002d30000, 0x0000000006f30000, 0x0000000011d30000]
 total_blobs=18544 nmethods=17702 adapters=752
 compilation: enabled

Compilation events (10 events):
Event: 14668.747 Thread 0x00000000166a1000 nmethod 23507 0x00000000054d8cd0 code [0x00000000054d8e40, 0x00000000054d91b8]
Event: 14668.776 Thread 0x00000000166a3000 23508       4       org.gradle.api.internal.file.collections.DefaultFileCollectionResolveContext::resolveAsFileCollections (9 bytes)
Event: 14668.776 Thread 0x00000000166a6000 23509       3       com.android.builder.core.VariantConfiguration::getBaseName (129 bytes)
Event: 14668.783 Thread 0x00000000166a3000 nmethod 23508 0x0000000003150d90 code [0x0000000003150ee0, 0x0000000003150f68]
Event: 14668.789 Thread 0x00000000166a6000 nmethod 23509 0x000000000549b410 code [0x000000000549b720, 0x000000000549d1d8]
Event: 14670.456 Thread 0x00000000166a1000 23510       4       com.sun.org.apache.xpath.internal.axes.AxesWalker::nextNode (89 bytes)
Event: 14670.494 Thread 0x00000000166a1000 nmethod 23510 0x0000000004034fd0 code [0x0000000004035160, 0x00000000040357d8]
Event: 14670.909 Thread 0x00000000166a3000 23511       4       com.sun.org.apache.xerces.internal.dom.ElementNSImpl::getNamespaceURI (16 bytes)
Event: 14671.064 Thread 0x00000000166a6000 23512       3       com.android.builder.internal.packaging.IncrementalPackager::updateFiles (308 bytes)
Event: 14671.096 Thread 0x00000000166a6000 nmethod 23512 0x0000000006f14b10 code [0x0000000006f155c0, 0x0000000006f1cdb8]

GC Heap History (10 events):
Event: 5193.374 GC heap before
{Heap before GC invocations=39 (full 4):
 PSYoungGen      total 402432K, used 401995K [0x00000000e0000000, 0x00000000fed80000, 0x0000000100000000)
  eden space 357888K, 100% used [0x00000000e0000000,0x00000000f5d80000,0x00000000f5d80000)
  from space 44544K, 99% used [0x00000000fc200000,0x00000000fed12f80,0x00000000fed80000)
  to   space 66560K, 0% used [0x00000000f6b80000,0x00000000f6b80000,0x00000000fac80000)
 ParOldGen       total 163840K, used 104360K [0x00000000a0000000, 0x00000000aa000000, 0x00000000e0000000)
  object space 163840K, 63% used [0x00000000a0000000,0x00000000a65ea180,0x00000000aa000000)
 Metaspace       used 82193K, capacity 87166K, committed 87424K, reserved 1126400K
  class space    used 10279K, capacity 11103K, committed 11136K, reserved 1048576K
Event: 5193.430 GC heap after
Heap after GC invocations=39 (full 4):
 PSYoungGen      total 346624K, used 2735K [0x00000000e0000000, 0x00000000fd280000, 0x0000000100000000)
  eden space 343552K, 0% used [0x00000000e0000000,0x00000000e0000000,0x00000000f4f80000)
  from space 3072K, 89% used [0x00000000f6b80000,0x00000000f6e2bf60,0x00000000f6e80000)
  to   space 67072K, 0% used [0x00000000f9100000,0x00000000f9100000,0x00000000fd280000)
 ParOldGen       total 163840K, used 104368K [0x00000000a0000000, 0x00000000aa000000, 0x00000000e0000000)
  object space 163840K, 63% used [0x00000000a0000000,0x00000000a65ec180,0x00000000aa000000)
 Metaspace       used 82193K, capacity 87166K, committed 87424K, reserved 1126400K
  class space    used 10279K, capacity 11103K, committed 11136K, reserved 1048576K
}
Event: 5199.939 GC heap before
{Heap before GC invocations=40 (full 4):
 PSYoungGen      total 346624K, used 345604K [0x00000000e0000000, 0x00000000fd280000, 0x0000000100000000)
  eden space 343552K, 99% used [0x00000000e0000000,0x00000000f4ed5110,0x00000000f4f80000)
  from space 3072K, 89% used [0x00000000f6b80000,0x00000000f6e2bf60,0x00000000f6e80000)
  to   space 67072K, 0% used [0x00000000f9100000,0x00000000f9100000,0x00000000fd280000)
 ParOldGen       total 163840K, used 104368K [0x00000000a0000000, 0x00000000aa000000, 0x00000000e0000000)
  object space 163840K, 63% used [0x00000000a0000000,0x00000000a65ec180,0x00000000aa000000)
 Metaspace       used 82303K, capacity 87382K, committed 87424K, reserved 1126400K
  class space    used 10291K, capacity 11119K, committed 11136K, reserved 1048576K
Event: 5199.976 GC heap after
Heap after GC invocations=40 (full 4):
 PSYoungGen      total 381952K, used 6725K [0x00000000e0000000, 0x00000000fc380000, 0x0000000100000000)
  eden space 330240K, 0% used [0x00000000e0000000,0x00000000e0000000,0x00000000f4280000)
  from space 51712K, 13% used [0x00000000f9100000,0x00000000f9791608,0x00000000fc380000)
  to   space 66048K, 0% used [0x00000000f4280000,0x00000000f4280000,0x00000000f8300000)
 ParOldGen       total 163840K, used 104376K [0x00000000a0000000, 0x00000000aa000000, 0x00000000e0000000)
  object space 163840K, 63% used [0x00000000a0000000,0x00000000a65ee180,0x00000000aa000000)
 Metaspace       used 82303K, capacity 87382K, committed 87424K, reserved 1126400K
  class space    used 10291K, capacity 11119K, committed 11136K, reserved 1048576K
}
Event: 5206.517 GC heap before
{Heap before GC invocations=41 (full 4):
 PSYoungGen      total 381952K, used 336965K [0x00000000e0000000, 0x00000000fc380000, 0x0000000100000000)
  eden space 330240K, 100% used [0x00000000e0000000,0x00000000f4280000,0x00000000f4280000)
  from space 51712K, 13% used [0x00000000f9100000,0x00000000f9791608,0x00000000fc380000)
  to   space 66048K, 0% used [0x00000000f4280000,0x00000000f4280000,0x00000000f8300000)
 ParOldGen       total 163840K, used 104376K [0x00000000a0000000, 0x00000000aa000000, 0x00000000e0000000)
  object space 163840K, 63% used [0x00000000a0000000,0x00000000a65ee180,0x00000000aa000000)
 Metaspace       used 82319K, capacity 87382K, committed 87424K, reserved 1126400K
  class space    used 10291K, capacity 11119K, committed 11136K, reserved 1048576K
Event: 5206.582 GC heap after
Heap after GC invocations=41 (full 4):
 PSYoungGen      total 368640K, used 50897K [0x00000000e0000000, 0x00000000fc300000, 0x0000000100000000)
  eden space 317440K, 0% used [0x00000000e0000000,0x00000000e0000000,0x00000000f3600000)
  from space 51200K, 99% used [0x00000000f4280000,0x00000000f7434438,0x00000000f7480000)
  to   space 72192K, 0% used [0x00000000f7c80000,0x00000000f7c80000,0x00000000fc300000)
 ParOldGen       total 163840K, used 104384K [0x00000000a0000000, 0x00000000aa000000, 0x00000000e0000000)
  object space 163840K, 63% used [0x00000000a0000000,0x00000000a65f0180,0x00000000aa000000)
 Metaspace       used 82319K, capacity 87382K, committed 87424K, reserved 1126400K
  class space    used 10291K, capacity 11119K, committed 11136K, reserved 1048576K
}
Event: 5207.491 GC heap before
{Heap before GC invocations=42 (full 4):
 PSYoungGen      total 368640K, used 367774K [0x00000000e0000000, 0x00000000fc300000, 0x0000000100000000)
  eden space 317440K, 99% used [0x00000000e0000000,0x00000000f3573460,0x00000000f3600000)
  from space 51200K, 99% used [0x00000000f4280000,0x00000000f7434438,0x00000000f7480000)
  to   space 72192K, 0% used [0x00000000f7c80000,0x00000000f7c80000,0x00000000fc300000)
 ParOldGen       total 163840K, used 104384K [0x00000000a0000000, 0x00000000aa000000, 0x00000000e0000000)
  object space 163840K, 63% used [0x00000000a0000000,0x00000000a65f0180,0x00000000aa000000)
 Metaspace       used 82333K, capacity 87382K, committed 87424K, reserved 1126400K
  class space    used 10291K, capacity 11119K, committed 11136K, reserved 1048576K
Event: 5207.511 GC heap after
Heap after GC invocations=42 (full 4):
 PSYoungGen      total 391680K, used 9527K [0x00000000e0000000, 0x00000000fe100000, 0x0000000100000000)
  eden space 319488K, 0% used [0x00000000e0000000,0x00000000e0000000,0x00000000f3800000)
  from space 72192K, 13% used [0x00000000f7c80000,0x00000000f85cdcd8,0x00000000fc300000)
  to   space 70144K, 0% used [0x00000000f3800000,0x00000000f3800000,0x00000000f7c80000)
 ParOldGen       total 163840K, used 104392K [0x00000000a0000000, 0x00000000aa000000, 0x00000000e0000000)
  object space 163840K, 63% used [0x00000000a0000000,0x00000000a65f2180,0x00000000aa000000)
 Metaspace       used 82333K, capacity 87382K, committed 87424K, reserved 1126400K
  class space    used 10291K, capacity 11119K, committed 11136K, reserved 1048576K
}
Event: 14610.089 GC heap before
{Heap before GC invocations=43 (full 4):
 PSYoungGen      total 391680K, used 329015K [0x00000000e0000000, 0x00000000fe100000, 0x0000000100000000)
  eden space 319488K, 100% used [0x00000000e0000000,0x00000000f3800000,0x00000000f3800000)
  from space 72192K, 13% used [0x00000000f7c80000,0x00000000f85cdcd8,0x00000000fc300000)
  to   space 70144K, 0% used [0x00000000f3800000,0x00000000f3800000,0x00000000f7c80000)
 ParOldGen       total 163840K, used 104392K [0x00000000a0000000, 0x00000000aa000000, 0x00000000e0000000)
  object space 163840K, 63% used [0x00000000a0000000,0x00000000a65f2180,0x00000000aa000000)
 Metaspace       used 82390K, capacity 87512K, committed 87680K, reserved 1126400K
  class space    used 10302K, capacity 11134K, committed 11136K, reserved 1048576K
Event: 14610.469 GC heap after
Heap after GC invocations=43 (full 4):
 PSYoungGen      total 310784K, used 3440K [0x00000000e0000000, 0x00000000fb300000, 0x0000000100000000)
  eden space 307200K, 0% used [0x00000000e0000000,0x00000000e0000000,0x00000000f2c00000)
  from space 3584K, 95% used [0x00000000f3800000,0x00000000f3b5c1d8,0x00000000f3b80000)
  to   space 69120K, 0% used [0x00000000f6f80000,0x00000000f6f80000,0x00000000fb300000)
 ParOldGen       total 163840K, used 104392K [0x00000000a0000000, 0x00000000aa000000, 0x00000000e0000000)
  object space 163840K, 63% used [0x00000000a0000000,0x00000000a65f2180,0x00000000aa000000)
 Metaspace       used 82390K, capacity 87512K, committed 87680K, reserved 1126400K
  class space    used 10302K, capacity 11134K, committed 11136K, reserved 1048576K
}

Deoptimization events (10 events):
Event: 14613.669 Thread 0x00000000199a1000 Uncommon trap: reason=class_check action=maybe_recompile pc=0x0000000003cf8650 method=com.sun.org.apache.xerces.internal.dom.ElementImpl.getAttributes()Lorg/w3c/dom/NamedNodeMap; @ 8
Event: 14613.672 Thread 0x00000000199a1000 Uncommon trap: reason=unstable_if action=reinterpret pc=0x0000000002f5dad8 method=com.sun.org.apache.xerces.internal.dom.DeferredDocumentImpl.clearChunkValue([[Ljava/lang/Object;II)Ljava/lang/String; @ 3
Event: 14613.673 Thread 0x00000000199a1000 Uncommon trap: reason=unstable_if action=reinterpret pc=0x0000000003587278 method=com.sun.org.apache.xerces.internal.dom.DeferredDocumentImpl.clearChunkValue([[Ljava/lang/Object;II)Ljava/lang/String; @ 3
Event: 14613.701 Thread 0x00000000199a1000 Uncommon trap: reason=null_check action=make_not_entrant pc=0x0000000006df563c method=com.android.ide.common.res2.NodeUtils.processSingleNodeNamespace(Lorg/w3c/dom/Node;Lorg/w3c/dom/Document;)Z @ 8
Event: 14613.713 Thread 0x00000000199a1000 Uncommon trap: reason=unstable_if action=reinterpret pc=0x0000000005591a68 method=com.sun.org.apache.xerces.internal.dom.DeferredDocumentImpl.clearChunkValue([[Ljava/lang/Object;II)Ljava/lang/String; @ 3
Event: 14613.715 Thread 0x00000000199a1000 Uncommon trap: reason=unstable_if action=reinterpret pc=0x0000000006da0bf0 method=com.sun.org.apache.xerces.internal.dom.DeferredDocumentImpl.clearChunkValue([[Ljava/lang/Object;II)Ljava/lang/String; @ 3
Event: 14613.729 Thread 0x00000000199a1000 Uncommon trap: reason=null_check action=make_not_entrant pc=0x0000000004b6683c method=com.sun.org.apache.xerces.internal.dom.NamedNodeMapImpl.findNamePoint(Ljava/lang/String;Ljava/lang/String;)I @ 105
Event: 14613.729 Thread 0x00000000199a1000 Uncommon trap: reason=unstable_if action=reinterpret pc=0x0000000006dfdb38 method=com.android.ide.common.res2.NodeUtils.processSingleNodeNamespace(Lorg/w3c/dom/Node;Lorg/w3c/dom/Document;)Z @ 52
Event: 14613.790 Thread 0x00000000199a1000 Uncommon trap: reason=unstable_if action=reinterpret pc=0x0000000003ee89d0 method=sun.nio.cs.UTF_8$Encoder.encodeArrayLoop(Ljava/nio/CharBuffer;Ljava/nio/ByteBuffer;)Ljava/nio/charset/CoderResult; @ 113
Event: 14668.597 Thread 0x00000000199a1000 Uncommon trap: reason=class_check action=maybe_recompile pc=0x000000000624cdcc method=org.gradle.api.internal.changedetection.state.DirSnapshot.isContentUpToDate(Lorg/gradle/api/internal/changedetection/state/IncrementalFileSnapshot;)Z @ 1

Classes redefined (0 events):
No events

Internal exceptions (10 events):
Event: 14613.178 Thread 0x00000000199a1000 Implicit null exception at 0x000000000351421a to 0x000000000351426d
Event: 14613.181 Thread 0x00000000199a1000 Implicit null exception at 0x0000000003070243 to 0x00000000030702b9
Event: 14613.505 Thread 0x00000000199a1000 Implicit null exception at 0x0000000003f6d8c2 to 0x0000000003f6e595
Event: 14613.669 Thread 0x00000000199a1000 Implicit null exception at 0x0000000006b90a0d to 0x0000000006b9136d
Event: 14613.672 Thread 0x00000000199a1000 Implicit null exception at 0x0000000002f5d903 to 0x0000000002f5dabd
Event: 14613.673 Thread 0x00000000199a1000 Implicit null exception at 0x00000000035870de to 0x0000000003587261
Event: 14613.701 Thread 0x00000000199a1000 Implicit null exception at 0x0000000006df5397 to 0x0000000006df562d
Event: 14613.713 Thread 0x00000000199a1000 Implicit null exception at 0x0000000005590c00 to 0x0000000005591a45
Event: 14613.715 Thread 0x00000000199a1000 Implicit null exception at 0x0000000006d9ff4b to 0x0000000006da0bcd
Event: 14613.729 Thread 0x00000000199a1000 Implicit null exception at 0x0000000004b662e4 to 0x0000000004b667fd

Events (10 events):
Event: 14663.430 Thread 0x00000000199a1000 DEOPT PACKING pc=0x00000000060f5bdd sp=0x0000000037a0b050
Event: 14663.431 Thread 0x00000000199a1000 DEOPT UNPACKING pc=0x0000000002d775bf sp=0x0000000037a0ae08 mode 0
Event: 14665.812 Thread 0x00000000199a1000 DEOPT PACKING pc=0x000000000611dece sp=0x0000000037a0ab70
Event: 14665.813 Thread 0x00000000199a1000 DEOPT UNPACKING pc=0x0000000002d775bf sp=0x0000000037a0ab68 mode 0
Event: 14666.094 Thread 0x00000000199a1000 DEOPT PACKING pc=0x00000000061685cd sp=0x0000000037a0aff0
Event: 14666.094 Thread 0x00000000199a1000 DEOPT UNPACKING pc=0x0000000002d775bf sp=0x0000000037a0ad08 mode 0
Event: 14666.136 Thread 0x00000000199a0000 Thread exited: 0x00000000199a0000
Event: 14668.597 Thread 0x00000000199a1000 Uncommon trap: trap_request=0xffffffde fr.pc=0x000000000624cdcc
Event: 14668.597 Thread 0x00000000199a1000 DEOPT PACKING pc=0x000000000624cdcc sp=0x0000000037a0c480
Event: 14668.597 Thread 0x00000000199a1000 DEOPT UNPACKING pc=0x0000000002d7556a sp=0x0000000037a0c390 mode 2


Dynamic libraries:
0x00007ff7a2010000 - 0x00007ff7a2041000 	C:\Program Files\Android\Android Studio\jre\bin\java.exe
0x00007ffe388c0000 - 0x00007ffe38a92000 	C:\WINDOWS\SYSTEM32\ntdll.dll
0x00007ffe381b0000 - 0x00007ffe3825c000 	C:\WINDOWS\System32\KERNEL32.DLL
0x00007ffe357b0000 - 0x00007ffe359cd000 	C:\WINDOWS\System32\KERNELBASE.dll
0x00007ffe38430000 - 0x00007ffe384d2000 	C:\WINDOWS\System32\ADVAPI32.dll
0x00007ffe38820000 - 0x00007ffe388be000 	C:\WINDOWS\System32\msvcrt.dll
0x00007ffe38150000 - 0x00007ffe381a9000 	C:\WINDOWS\System32\sechost.dll
0x00007ffe38300000 - 0x00007ffe38421000 	C:\WINDOWS\System32\RPCRT4.dll
0x00007ffe37a40000 - 0x00007ffe37ba5000 	C:\WINDOWS\System32\USER32.dll
0x00007ffe354a0000 - 0x00007ffe354be000 	C:\WINDOWS\System32\win32u.dll
0x00007ffe387e0000 - 0x00007ffe38814000 	C:\WINDOWS\System32\GDI32.dll
0x00007ffe35cd0000 - 0x00007ffe35e50000 	C:\WINDOWS\System32\gdi32full.dll
0x00007ffe25620000 - 0x00007ffe2589a000 	C:\WINDOWS\WinSxS\amd64_microsoft.windows.common-controls_6595b64144ccf1df_6.0.14393.953_none_42151e83c686086b\COMCTL32.dll
0x00007ffe37bb0000 - 0x00007ffe37e78000 	C:\WINDOWS\System32\combase.dll
0x00007ffe359d0000 - 0x00007ffe35ac5000 	C:\WINDOWS\System32\ucrtbase.dll
0x00007ffe35740000 - 0x00007ffe357aa000 	C:\WINDOWS\System32\bcryptPrimitives.dll
0x00007ffe37560000 - 0x00007ffe3758e000 	C:\WINDOWS\System32\IMM32.DLL
0x000000006a620000 - 0x000000006a6f2000 	C:\Program Files\Android\Android Studio\jre\jre\bin\msvcr100.dll
0x000000006a890000 - 0x000000006b0ce000 	C:\Program Files\Android\Android Studio\jre\jre\bin\server\jvm.dll
0x00007ffe37550000 - 0x00007ffe37558000 	C:\WINDOWS\System32\PSAPI.DLL
0x00007ffe32cf0000 - 0x00007ffe32d13000 	C:\WINDOWS\SYSTEM32\WINMM.dll
0x00007ffe26990000 - 0x00007ffe2699a000 	C:\WINDOWS\SYSTEM32\VERSION.dll
0x00007ffe23950000 - 0x00007ffe23959000 	C:\WINDOWS\SYSTEM32\WSOCK32.dll
0x00007ffe38020000 - 0x00007ffe3808a000 	C:\WINDOWS\System32\WS2_32.dll
0x0000000000ea0000 - 0x0000000000ecb000 	C:\WINDOWS\SYSTEM32\WINMMBASE.dll
0x00007ffe356f0000 - 0x00007ffe35732000 	C:\WINDOWS\System32\cfgmgr32.dll
0x00007ffe32d30000 - 0x00007ffe32d3f000 	C:\Program Files\Android\Android Studio\jre\jre\bin\verify.dll
0x00007ffe22190000 - 0x00007ffe221b9000 	C:\Program Files\Android\Android Studio\jre\jre\bin\java.dll
0x00007ffe28050000 - 0x00007ffe28066000 	C:\Program Files\Android\Android Studio\jre\jre\bin\zip.dll
0x00007ffe35fd0000 - 0x00007ffe374d8000 	C:\WINDOWS\System32\SHELL32.dll
0x00007ffe34dc0000 - 0x00007ffe35498000 	C:\WINDOWS\System32\windows.storage.dll
0x00007ffe34d60000 - 0x00007ffe34dac000 	C:\WINDOWS\System32\powrprof.dll
0x00007ffe35f60000 - 0x00007ffe35fb2000 	C:\WINDOWS\System32\shlwapi.dll
0x00007ffe34db0000 - 0x00007ffe34dbf000 	C:\WINDOWS\System32\kernel.appcore.dll
0x00007ffe35c20000 - 0x00007ffe35cc9000 	C:\WINDOWS\System32\shcore.dll
0x00007ffe34d30000 - 0x00007ffe34d44000 	C:\WINDOWS\System32\profapi.dll
0x00007ffe27350000 - 0x00007ffe2736a000 	C:\Program Files\Android\Android Studio\jre\jre\bin\net.dll
0x00007ffe34660000 - 0x00007ffe346bc000 	C:\WINDOWS\system32\mswsock.dll
0x00007ffe26e20000 - 0x00007ffe26e31000 	C:\Program Files\Android\Android Studio\jre\jre\bin\nio.dll
0x00007ffe17910000 - 0x00007ffe1792e000 	C:\Users\Mottier\.gradle\native\23\windows-amd64\native-platform.dll
0x00007ffe34800000 - 0x00007ffe34817000 	C:\WINDOWS\SYSTEM32\CRYPTSP.dll
0x00007ffe34260000 - 0x00007ffe34293000 	C:\WINDOWS\system32\rsaenh.dll
0x00007ffe34910000 - 0x00007ffe3493b000 	C:\WINDOWS\SYSTEM32\bcrypt.dll
0x00007ffe344e0000 - 0x00007ffe344ff000 	C:\WINDOWS\SYSTEM32\USERENV.dll
0x00007ffe34820000 - 0x00007ffe3482b000 	C:\WINDOWS\SYSTEM32\CRYPTBASE.dll
0x00007ffe343e0000 - 0x00007ffe34418000 	C:\WINDOWS\SYSTEM32\IPHLPAPI.DLL
0x00007ffe35e50000 - 0x00007ffe35e58000 	C:\WINDOWS\System32\NSI.dll
0x00007ffe2d090000 - 0x00007ffe2d0a6000 	C:\WINDOWS\SYSTEM32\dhcpcsvc6.DLL
0x00007ffe2d060000 - 0x00007ffe2d07a000 	C:\WINDOWS\SYSTEM32\dhcpcsvc.DLL
0x00007ffe28e10000 - 0x00007ffe28e1d000 	C:\Program Files\Android\Android Studio\jre\jre\bin\management.dll
0x00007ffe185e0000 - 0x00007ffe18604000 	C:\Program Files\Android\Android Studio\jre\jre\bin\sunec.dll
0x00007ffe1c5d0000 - 0x00007ffe1c5db000 	C:\Program Files\Android\Android Studio\jre\jre\bin\sunmscapi.dll
0x00007ffe354c0000 - 0x00007ffe35689000 	C:\WINDOWS\System32\CRYPT32.dll
0x00007ffe34d50000 - 0x00007ffe34d60000 	C:\WINDOWS\System32\MSASN1.dll
0x00007ffe34420000 - 0x00007ffe344c1000 	C:\WINDOWS\SYSTEM32\DNSAPI.dll
0x000000006c260000 - 0x000000006c286000 	C:\Program Files\Bonjour\mdnsNSP.dll
0x000000006c250000 - 0x000000006c25a000 	C:\Program Files\National Instruments\Shared\mDNS Responder\nimdnsNSP.dll
0x00007ffe29ce0000 - 0x00007ffe29cf6000 	C:\WINDOWS\SYSTEM32\VCRUNTIME140.dll
0x000000006c240000 - 0x000000006c250000 	C:\WINDOWS\SYSTEM32\nimdnsResponder.dll
0x00007ffe29cd0000 - 0x00007ffe29cda000 	C:\Windows\System32\rasadhlp.dll
0x00007ffe2ce10000 - 0x00007ffe2ce7a000 	C:\WINDOWS\System32\fwpuclnt.dll
0x00007ffe33b00000 - 0x00007ffe33b32000 	C:\WINDOWS\SYSTEM32\ntmarta.dll

VM Arguments:
jvm_args: -Xmx1536m -Dfile.encoding=windows-1252 -Duser.country=US -Duser.language=en -Duser.variant 
java_command: org.gradle.launcher.daemon.bootstrap.GradleDaemon 3.3
java_class_path (initial): C:\Users\Mottier\.gradle\wrapper\dists\gradle-3.3-all\55gk2rcmfc6p2dg9u9ohc3hw9\gradle-3.3\lib\gradle-launcher-3.3.jar
Launcher Type: SUN_STANDARD

Environment Variables:
PATH=C:\ProgramData\Oracle\Java\javapath;C:\Program Files\IBM\ILOG\CPLEX_Studio1271\opl\bin\x64_win64;C:\Program Files\IBM\ILOG\CPLEX_Studio1271\opl\oplide\;C:\Program Files\IBM\ILOG\CPLEX_Studio1271\cplex\bin\x64_win64;C:\Program Files\IBM\ILOG\CPLEX_Studio1271\cpoptimizer\bin\x64_win64;C:\Program Files (x86)\Intel\iCLS Client\;C:\Program Files\Intel\iCLS Client\;C:\WINDOWS\system32;C:\WINDOWS;C:\WINDOWS\System32\Wbem;C:\WINDOWS\System32\WindowsPowerShell\v1.0\;C:\Program Files (x86)\Intel\Intel(R) Management Engine Components\DAL;C:\Program Files\Intel\Intel(R) Management Engine Components\DAL;C:\Program Files (x86)\Intel\Intel(R) Management Engine Components\IPT;C:\Program Files\Intel\Intel(R) Management Engine Components\IPT;C:\Program Files\Intel\WiFi\bin\;C:\Program Files\Common Files\Intel\WirelessCommon\;C:\Program Files\MiKTeX 2.9\miktex\bin\x64\;C:\Program Files (x86)\IVI Foundation\VISA\WinNT\Bin\;C:\Program Files\IVI Foundation\VISA\Win64\Bin\;C:\Program Files (x86)\Microsoft SQL Server\80\Tools\Binn\;C:\Program Files (x86)\IVI Foundation\VISA\WinNT\Bin;c:\Program Files (x86)\Microsoft SQL Server\100\Tools\Binn\;c:\Program Files (x86)\Microsoft SQL Server\100\DTS\Binn\;C:\Program Files\MATLAB\R2016a\runtime\win64;C:\Program Files\MATLAB\R2016a\bin;C:\Program Files\MATLAB\R2016a\polyspace\bin;C:\Program Files (x86)\Skype\Phone\;C:\Program Files\doxygen\bin;C:\Users\Mottier\Anaconda2;C:\Users\Mottier\Anaconda2\Scripts;C:\Users\Mottier\Anaconda2\Library\bin;C:\Users\Mottier\AppData\Local\Microsoft\WindowsApps;C:\Program Files\Intel\WiFi\bin\;C:\Program Files\Common Files\Intel\WirelessCommon\
USERNAME=Mottier
OS=Windows_NT
PROCESSOR_IDENTIFIER=Intel64 Family 6 Model 69 Stepping 1, GenuineIntel



---------------  S Y S T E M  ---------------

OS: Windows 10.0 , 64 bit Build 14393 (10.0.14393.1198)

CPU:total 4 (initial active 4) (2 cores per cpu, 2 threads per core) family 6 model 69 stepping 1, cmov, cx8, fxsr, mmx, sse, sse2, sse3, ssse3, sse4.1, sse4.2, popcnt, avx, avx2, aes, clmul, erms, lzcnt, ht, tsc, tscinvbit, bmi1, bmi2

Memory: 4k page, physical 8067564k(1977280k free), swap 18508788k(2620448k free)

vm_info: OpenJDK 64-Bit Server VM (25.152-b01) for windows-amd64 JRE (1.8.0_152-release-915-b01), built by "builder" with MS VC++ 10.0 (VS2010)

time: Mon Nov 20 19:14:42 2017
elapsed time: 14673 seconds (0d 4h 4m 33s)

